GROUP,PACKAGE,CLASS,INSTRUCTION_MISSED,INSTRUCTION_COVERED,BRANCH_MISSED,BRANCH_COVERED,LINE_MISSED,LINE_COVERED,COMPLEXITY_MISSED,COMPLEXITY_COVERED,METHOD_MISSED,METHOD_COVERED
Calendar,calendar,DateOutOfRangeException,7,0,0,0,4,0,2,0,2,0
Calendar,calendar,CalendarMain,357,0,4,0,76,0,4,0,2,0
Calendar,calendar,XmlParserErrorHandler,76,3,2,0,13,1,5,1,4,1
Calendar,calendar,Appt,20,349,13,31,4,95,13,45,0,36
Calendar,calendar,CalDay,47,309,12,16,10,66,13,17,1,15
Calendar,calendar,CalendarUtil,20,71,7,3,6,7,6,3,1,3
Calendar,calendar,DataHandler,246,739,39,41,54,206,33,24,0,16
